TN:
SF:contracts/Token.sol
FN:21,Token.mint
FNDA:1,Token.mint
DA:22,1
DA:22,1
BRDA:22,0,0,-
BRDA:22,0,1,1
DA:23,1
DA:23,1
FNF:1
FNH:1
LF:2
LH:2
BRF:2
BRH:1
end_of_record
TN:
SF:contracts/TokenActions/DepositAmm.sol
FN:20,DepositAmm.doSomething
FNDA:0,DepositAmm.doSomething
FNF:1
FNH:0
LF:0
LH:0
BRF:0
BRH:0
end_of_record
TN:
SF:contracts/TokenController.sol
FN:99,TokenController.setTradingFees
FNDA:3,TokenController.setTradingFees
DA:100,3
DA:100,3
BRDA:100,0,0,2
BRDA:100,0,1,1
DA:101,1
DA:101,1
DA:102,1
DA:102,1
DA:103,1
DA:103,1
FN:107,TokenController.setTreasury
FNDA:2,TokenController.setTreasury
DA:108,2
DA:108,2
BRDA:108,1,0,1
BRDA:108,1,1,1
DA:109,1
DA:109,1
DA:110,1
DA:110,1
FN:114,TokenController.setSlope
FNDA:2,TokenController.setSlope
DA:115,2
DA:115,2
BRDA:115,2,0,1
BRDA:115,2,1,1
DA:116,1
DA:116,1
DA:117,1
DA:117,1
FN:121,TokenController.setMcapToAmm
FNDA:3,TokenController.setMcapToAmm
DA:122,3
DA:122,3
BRDA:122,3,0,2
BRDA:122,3,1,1
DA:123,1
DA:123,1
DA:124,1
DA:124,1
FN:128,TokenController.setLotteryThreshold
FNDA:0,TokenController.setLotteryThreshold
DA:129,0
DA:129,0
BRDA:129,4,0,-
BRDA:129,4,1,-
DA:130,0
DA:130,0
DA:131,0
DA:131,0
FN:135,TokenController.setLotteryRunning
FNDA:2,TokenController.setLotteryRunning
DA:136,2
DA:136,2
FN:140,TokenController.setAmmRouter
FNDA:0,TokenController.setAmmRouter
DA:141,0
DA:141,0
BRDA:141,5,0,-
BRDA:141,5,1,-
DA:142,0
DA:142,0
FN:148,TokenController.getTokensLength
FNDA:2,TokenController.getTokensLength
DA:148,2
DA:148,2
FN:151,TokenController.getLastTokens
FNDA:1,TokenController.getLastTokens
DA:152,1
DA:152,1
DA:153,1
DA:153,1
DA:154,1
DA:154,1
BRDA:154,6,0,-
BRDA:154,6,1,1
DA:154,0
DA:155,1
DA:155,1
DA:156,1
DA:156,1
DA:156,2
DA:156,1
DA:156,1
FN:160,TokenController.getMcap
FNDA:8,TokenController.getMcap
DA:161,15
DA:161,15
DA:162,15
DA:162,15
BRDA:162,7,0,-
BRDA:162,7,1,15
DA:162,15
FN:167,TokenController.getPrice
FNDA:16,TokenController.getPrice
DA:168,1110
DA:168,1110
DA:168,1110
DA:169,1110
DA:169,1110
BRDA:169,8,0,-
BRDA:169,8,1,1110
DA:169,0
DA:170,1110
DA:170,1110
FN:175,TokenController.getLotterySettings
FNDA:1,TokenController.getLotterySettings
DA:176,1
DA:176,1
DA:177,1
DA:177,1
DA:178,1
DA:178,1
DA:179,1
DA:179,1
FN:183,TokenController.getUserLotteryPayout
FNDA:1,TokenController.getUserLotteryPayout
DA:184,1
DA:184,1
FN:188,TokenController.getTokenHourlyVolume
FNDA:2,TokenController.getTokenHourlyVolume
DA:189,2
DA:189,2
FN:192,TokenController.getTokenDailyVolume
FNDA:2,TokenController.getTokenDailyVolume
DA:193,2
DA:193,2
FN:197,TokenController.getDailyVolumeLeaders
FNDA:2,TokenController.getDailyVolumeLeaders
DA:198,2
DA:198,2
DA:199,2
DA:199,2
DA:200,2
DA:200,2
DA:201,2
DA:201,2
FN:207,TokenController.createToken
FNDA:21,TokenController.createToken
DA:208,21
DA:208,21
BRDA:208,9,0,1
BRDA:208,9,1,20
DA:209,20
DA:209,20
DA:210,20
DA:210,20
DA:211,20
DA:211,20
DA:212,20
DA:212,20
DA:213,20
DA:213,20
DA:215,20
DA:215,20
BRDA:215,10,0,2
BRDA:215,10,1,20
DA:215,2
FN:219,TokenController.getBuyAmount
FNDA:263,TokenController.getBuyAmount
DA:220,1930
DA:220,1930
DA:221,1930
DA:221,1930
BRDA:221,11,0,1
BRDA:221,11,1,1929
DA:221,1
DA:224,1929
DA:224,1929
FN:229,TokenController.buy
FNDA:553,TokenController.buy
DA:230,555
DA:230,555
BRDA:230,12,0,1
BRDA:230,12,1,554
DA:231,554
DA:231,554
BRDA:231,13,0,2
BRDA:231,13,1,552
DA:233,552
DA:233,552
DA:234,552
DA:234,552
DA:236,552
DA:236,552
BRDA:236,14,0,535
BRDA:236,14,1,552
DA:236,535
DA:238,552
DA:238,552
DA:238,552
DA:238,552
DA:239,552
DA:239,552
DA:239,552
DA:239,552
DA:240,552
DA:240,552
DA:240,552
DA:241,552
DA:241,552
BRDA:241,15,0,-
BRDA:241,15,1,552
DA:242,552
DA:242,552
DA:244,552
DA:244,552
DA:245,552
DA:245,552
BRDA:245,16,0,1
BRDA:245,16,1,551
DA:246,551
DA:246,551
BRDA:246,17,0,-
BRDA:246,17,1,551
DA:247,551
DA:247,551
DA:248,551
DA:248,551
DA:250,551
DA:250,551
DA:251,551
DA:251,551
DA:252,551
DA:252,551
FN:257,TokenController.getAmountSale
FNDA:1,TokenController.getAmountSale
DA:258,2
DA:258,2
DA:259,2
DA:259,2
BRDA:259,18,0,-
BRDA:259,18,1,2
DA:259,0
DA:263,2
DA:263,2
FN:268,TokenController.sell
FNDA:4,TokenController.sell
DA:269,4
DA:269,4
BRDA:269,19,0,-
BRDA:269,19,1,4
DA:270,4
DA:270,4
BRDA:270,20,0,2
BRDA:270,20,1,2
DA:272,2
DA:272,2
DA:274,2
DA:274,2
BRDA:274,21,0,-
BRDA:274,21,1,2
DA:274,0
DA:275,2
DA:275,2
DA:276,1
DA:276,1
DA:276,1
DA:277,1
DA:277,1
DA:278,1
DA:278,1
DA:279,1
DA:279,1
DA:281,1
DA:281,1
DA:281,1
DA:281,1
DA:282,1
DA:282,1
DA:282,1
DA:282,1
DA:283,1
DA:283,1
DA:284,1
DA:284,1
DA:285,1
DA:285,1
DA:285,1
DA:286,1
DA:286,1
BRDA:286,22,0,-
BRDA:286,22,1,1
DA:287,1
DA:287,1
DA:288,1
DA:288,1
BRDA:288,23,0,-
BRDA:288,23,1,1
DA:290,1
DA:290,1
DA:291,1
DA:291,1
FN:301,TokenController.ejectToAmm
FNDA:2,TokenController.ejectToAmm
DA:302,2
DA:302,2
BRDA:302,24,0,1
BRDA:302,24,1,1
DA:303,1
DA:303,1
DA:303,1
DA:304,1
DA:304,1
DA:305,1
DA:305,1
DA:305,1
DA:305,1
DA:307,1
DA:307,1
DA:308,1
DA:308,1
DA:308,1
DA:317,1
DA:317,1
BRDA:317,25,0,-
BRDA:317,25,1,1
DA:317,0
DA:319,1
DA:319,1
DA:319,1
BRDA:319,26,0,-
BRDA:319,26,1,1
DA:319,1
DA:321,1
DA:321,1
DA:322,1
DA:322,1
DA:324,1
DA:324,1
FN:337,TokenController.buyTicket
FNDA:6,TokenController.buyTicket
DA:338,6
DA:338,6
BRDA:338,27,0,-
BRDA:338,27,1,6
DA:339,6
DA:339,6
BRDA:339,28,0,1
BRDA:339,28,1,5
DA:340,5
DA:340,5
BRDA:340,29,0,2
BRDA:340,29,1,3
DA:341,3
DA:341,3
DA:341,3
DA:341,3
DA:342,3
DA:342,3
DA:345,3
DA:345,3
DA:345,3
DA:346,3
DA:346,3
DA:349,3
DA:349,3
BRDA:349,30,0,3
BRDA:349,30,1,3
DA:350,3
DA:350,3
DA:351,3
DA:351,3
DA:352,3
DA:352,3
DA:355,3
DA:355,3
DA:358,3
DA:358,3
DA:359,3
DA:359,3
DA:360,3
DA:360,3
BRDA:360,31,0,-
BRDA:360,31,1,3
DA:362,3
DA:362,3
DA:362,3
DA:362,3
DA:363,3
DA:363,3
DA:363,3
DA:364,3
DA:364,3
BRDA:364,32,0,-
BRDA:364,32,1,3
DA:365,3
DA:365,3
DA:366,3
DA:366,3
FN:372,TokenController.claim
FNDA:2,TokenController.claim
DA:373,2
DA:373,2
DA:373,2
DA:373,2
DA:374,2
DA:374,2
DA:376,2
DA:376,2
BRDA:376,33,0,-
BRDA:376,33,1,1
DA:377,2
DA:377,2
DA:378,2
DA:378,2
BRDA:378,34,0,-
BRDA:378,34,1,1
DA:379,1
DA:379,1
DA:380,1
DA:380,1
DA:381,1
DA:381,1
DA:383,1
DA:383,1
FN:391,TokenController._incTokenVolume
FNDA:553,TokenController._incTokenVolume
DA:392,553
DA:392,553
DA:393,553
DA:393,553
DA:395,553
DA:395,553
BRDA:395,35,0,553
BRDA:395,35,1,553
DA:396,553
DA:396,553
DA:397,553
DA:397,553
DA:398,553
DA:398,553
DA:399,553
DA:399,553
FN:406,TokenController.distributeHourlyJackpot
FNDA:2,TokenController.distributeHourlyJackpot
DA:407,556
DA:407,556
BRDA:407,36,0,1
BRDA:407,36,1,555
DA:408,555
DA:408,555
BRDA:408,37,0,536
BRDA:408,37,1,555
DA:409,536
DA:409,536
DA:410,536
DA:410,536
DA:411,536
DA:411,536
DA:412,536
DA:412,536
FN:420,TokenController.distributeDailyJackpot
FNDA:6,TokenController.distributeDailyJackpot
DA:421,560
DA:421,560
BRDA:421,38,0,2
BRDA:421,38,1,558
DA:422,558
DA:422,558
DA:422,558
DA:422,558
BRDA:422,39,0,4
BRDA:422,39,1,4
DA:423,4
DA:423,4
DA:424,4
DA:424,4
DA:425,4
DA:425,4
DA:426,4
DA:426,4
DA:429,4
DA:429,4
DA:429,16
DA:429,12
DA:430,12
DA:430,12
DA:432,4
DA:432,4
BRDA:432,40,0,4
BRDA:432,40,1,4
DA:432,4
DA:433,4
DA:433,4
FN:438,TokenController.distributeJackpots
FNDA:0,TokenController.distributeJackpots
DA:439,554
DA:439,554
DA:440,554
DA:440,554
FN:445,TokenController._updateTop3
FNDA:557,TokenController._updateTop3
DA:446,557
DA:446,557
DA:446,557
DA:447,557
DA:447,557
DA:449,557
DA:449,557
BRDA:449,41,0,-
BRDA:449,41,1,557
DA:449,0
DA:451,557
DA:451,557
DA:451,557
DA:451,557
DA:451,541
DA:451,540
BRDA:451,42,0,-
BRDA:451,42,1,540
DA:451,540
DA:453,557
DA:453,557
DA:454,557
DA:454,557
FN:457,TokenController._sort2by2
FNDA:1114,TokenController._sort2by2
DA:458,1114
DA:458,1114
DA:458,1114
DA:459,1114
DA:459,1114
DA:460,1114
DA:460,1114
DA:461,1114
DA:461,1114
BRDA:461,43,0,-
BRDA:461,43,1,1080
DA:462,1080
DA:462,1080
DA:463,1080
DA:463,1080
FN:468,TokenController._depositJackpots
FNDA:815,TokenController._depositJackpots
DA:469,815
DA:469,815
DA:470,815
DA:470,815
FN:472,TokenController.depositJackpots
FNDA:262,TokenController.depositJackpots
DA:473,262
DA:473,262
FN:479,TokenController._setDailyClose
FNDA:1090,TokenController._setDailyClose
DA:480,1090
DA:480,1090
DA:480,1090
DA:481,1090
DA:481,1090
FN:485,TokenController.today
FNDA:534,TokenController.today
DA:486,6894
DA:486,6894
DA:486,6894
FN:490,TokenController.hhour
FNDA:521,TokenController.hhour
DA:491,5211
DA:491,5211
DA:491,5211
FN:495,TokenController._distributeRewards
FNDA:548,TokenController._distributeRewards
DA:496,548
DA:496,548
DA:496,548
DA:496,548
DA:496,5
BRDA:496,44,0,-
BRDA:496,44,1,5
DA:497,5
DA:497,5
DA:497,5
DA:498,5
DA:498,5
DA:499,5
DA:499,5
DA:500,5
DA:500,5
DA:501,5
DA:501,5
FNF:36
FNH:33
LF:181
LH:176
BRF:90
BRH:65
end_of_record
TN:
SF:node_modules/@openzeppelin/contracts/access/Ownable.sol
FN:43,Ownable.owner
FNDA:0,Ownable.owner
DA:44,12
DA:44,12
FN:50,Ownable._checkOwner
FNDA:12,Ownable._checkOwner
DA:51,12
DA:51,12
BRDA:51,0,0,-
BRDA:51,0,1,12
FN:61,Ownable.renounceOwnership
FNDA:0,Ownable.renounceOwnership
DA:62,0
DA:62,0
FN:69,Ownable.transferOwnership
FNDA:0,Ownable.transferOwnership
DA:70,0
DA:70,0
BRDA:70,1,0,-
BRDA:70,1,1,-
DA:71,0
DA:71,0
FN:78,Ownable._transferOwnership
FNDA:0,Ownable._transferOwnership
DA:79,0
DA:79,0
DA:80,0
DA:80,0
DA:81,0
DA:81,0
FNF:5
FNH:1
LF:8
LH:2
BRF:4
BRH:1
end_of_record
TN:
SF:node_modules/@openzeppelin/contracts/token/ERC20/ERC20.sol
FN:62,ERC20.name
FNDA:1,ERC20.name
DA:63,1
DA:63,1
FN:70,ERC20.symbol
FNDA:1,ERC20.symbol
DA:71,1
DA:71,1
FN:87,ERC20.decimals
FNDA:1,ERC20.decimals
DA:88,1
DA:88,1
FN:94,ERC20.totalSupply
FNDA:20,ERC20.totalSupply
DA:95,20
DA:95,20
FN:101,ERC20.balanceOf
FNDA:7,ERC20.balanceOf
DA:102,7
DA:102,7
FN:113,ERC20.transfer
FNDA:551,ERC20.transfer
DA:114,551
DA:114,551
DA:114,551
DA:115,551
DA:115,551
DA:116,551
DA:116,551
FN:122,ERC20.allowance
FNDA:0,ERC20.allowance
DA:123,3
DA:123,3
FN:136,ERC20.approve
FNDA:2,ERC20.approve
DA:137,2
DA:137,2
DA:137,2
DA:138,2
DA:138,2
DA:139,2
DA:139,2
FN:158,ERC20.transferFrom
FNDA:3,ERC20.transferFrom
DA:159,3
DA:159,3
DA:159,3
DA:160,3
DA:160,3
DA:161,2
DA:161,2
DA:162,2
DA:162,2
FN:177,ERC20.increaseAllowance
FNDA:0,ERC20.increaseAllowance
DA:178,0
DA:178,0
DA:178,0
DA:179,0
DA:179,0
DA:180,0
DA:180,0
FN:197,ERC20.decreaseAllowance
FNDA:0,ERC20.decreaseAllowance
DA:198,0
DA:198,0
DA:198,0
DA:199,0
DA:199,0
DA:199,0
DA:200,0
DA:200,0
BRDA:200,0,0,-
BRDA:200,0,1,-
DA:202,0
DA:202,0
DA:205,0
DA:205,0
FN:222,ERC20._transfer
FNDA:553,ERC20._transfer
DA:223,553
DA:223,553
BRDA:223,1,0,-
BRDA:223,1,1,553
DA:224,553
DA:224,553
BRDA:224,2,0,-
BRDA:224,2,1,553
DA:226,553
DA:226,553
DA:228,553
DA:228,553
DA:229,553
DA:229,553
BRDA:229,3,0,-
BRDA:229,3,1,553
DA:231,553
DA:231,553
DA:234,553
DA:234,553
DA:237,553
DA:237,553
DA:239,553
DA:239,553
FN:251,ERC20._mint
FNDA:1,ERC20._mint
DA:252,1
DA:252,1
BRDA:252,4,0,-
BRDA:252,4,1,1
DA:254,1
DA:254,1
DA:256,1
DA:256,1
DA:259,1
DA:259,1
DA:261,1
DA:261,1
DA:263,1
DA:263,1
FN:277,ERC20._burn
FNDA:6,ERC20._burn
DA:278,6
DA:278,6
BRDA:278,5,0,-
BRDA:278,5,1,6
DA:280,6
DA:280,6
DA:282,6
DA:282,6
DA:283,6
DA:283,6
BRDA:283,6,0,-
BRDA:283,6,1,6
DA:285,6
DA:285,6
DA:287,6
DA:287,6
DA:290,6
DA:290,6
DA:292,6
DA:292,6
FN:308,ERC20._approve
FNDA:3,ERC20._approve
DA:309,3
DA:309,3
BRDA:309,7,0,-
BRDA:309,7,1,3
DA:310,3
DA:310,3
BRDA:310,8,0,-
BRDA:310,8,1,3
DA:312,3
DA:312,3
DA:313,3
DA:313,3
FN:324,ERC20._spendAllowance
FNDA:3,ERC20._spendAllowance
DA:325,3
DA:325,3
DA:325,3
DA:326,3
DA:326,3
BRDA:326,9,0,1
BRDA:326,9,1,1
DA:327,2
DA:327,2
BRDA:327,10,0,1
BRDA:327,10,1,1
DA:329,1
DA:329,1
FN:348,ERC20._beforeTokenTransfer
FNDA:560,ERC20._beforeTokenTransfer
FN:364,ERC20._afterTokenTransfer
FNDA:560,ERC20._afterTokenTransfer
FNF:18
FNH:15
LF:55
LH:47
BRF:22
BRH:12
end_of_record
TN:
SF:node_modules/@openzeppelin/contracts/token/ERC20/extensions/ERC20Burnable.sol
FN:20,ERC20Burnable.burn
FNDA:6,ERC20Burnable.burn
DA:21,6
DA:21,6
FN:35,ERC20Burnable.burnFrom
FNDA:0,ERC20Burnable.burnFrom
DA:36,0
DA:36,0
DA:37,0
DA:37,0
FNF:2
FNH:1
LF:3
LH:1
BRF:0
BRH:0
end_of_record
TN:
SF:node_modules/@openzeppelin/contracts/utils/Context.sol
FN:17,Context._msgSender
FNDA:574,Context._msgSender
DA:18,574
DA:18,574
FN:21,Context._msgData
FNDA:0,Context._msgData
DA:22,0
DA:22,0
FN:25,Context._contextSuffixLength
FNDA:0,Context._contextSuffixLength
DA:26,0
DA:26,0
FNF:3
FNH:1
LF:3
LH:1
BRF:0
BRH:0
end_of_record
TN:
SF:script/DeployHelpers.s.sol
FN:19,ScaffoldETHDeploy.setupLocalhostEnv
FNDA:0,ScaffoldETHDeploy.setupLocalhostEnv
DA:23,0
DA:23,0
BRDA:23,0,0,-
BRDA:23,0,1,-
DA:24,0
DA:24,0
DA:25,0
DA:25,0
DA:26,0
DA:26,0
DA:26,0
DA:27,0
DA:27,0
DA:27,0
DA:28,0
DA:28,0
DA:28,0
DA:29,0
DA:29,0
DA:29,0
DA:31,0
DA:31,0
DA:31,0
FN:35,ScaffoldETHDeploy.exportDeployments
FNDA:0,ScaffoldETHDeploy.exportDeployments
DA:37,0
DA:37,0
DA:38,0
DA:38,0
DA:39,0
DA:39,0
DA:39,0
DA:40,0
DA:40,0
DA:42,0
DA:42,0
DA:44,0
DA:44,0
DA:46,0
DA:46,0
DA:46,0
DA:46,0
DA:47,0
DA:47,0
DA:52,0
DA:52,0
DA:54,0
DA:54,0
DA:59,0
DA:59,0
DA:60,0
DA:60,0
FN:63,ScaffoldETHDeploy.getChain
FNDA:0,ScaffoldETHDeploy.getChain
DA:64,0
DA:64,0
DA:64,0
FN:67,ScaffoldETHDeploy.findChainName
FNDA:0,ScaffoldETHDeploy.findChainName
DA:68,0
DA:68,0
DA:69,0
DA:69,0
DA:69,0
DA:70,0
DA:70,0
DA:70,0
DA:70,0
DA:71,0
DA:71,0
DA:79,0
DA:79,0
FNF:4
FNH:0
LF:26
LH:0
BRF:2
BRH:0
end_of_record
TN:
SF:script/VerifyAll.s.sol
FN:26,VerifyAll.run
FNDA:0,VerifyAll.run
DA:27,0
DA:27,0
DA:27,0
DA:28,0
DA:28,0
DA:28,0
DA:34,0
DA:34,0
DA:34,0
DA:36,0
DA:36,0
DA:37,0
DA:37,0
DA:38,0
DA:38,0
FN:42,VerifyAll._verifyIfContractDeployment
FNDA:0,VerifyAll._verifyIfContractDeployment
DA:43,0
DA:43,0
DA:43,0
DA:49,0
DA:49,0
DA:49,0
DA:49,0
BRDA:49,0,0,-
BRDA:49,0,1,-
DA:50,0
DA:50,0
FN:54,VerifyAll._verifyContract
FNDA:0,VerifyAll._verifyContract
DA:55,0
DA:55,0
DA:55,0
DA:59,0
DA:59,0
DA:59,0
DA:65,0
DA:65,0
DA:65,0
DA:71,0
DA:71,0
DA:71,0
DA:75,0
DA:75,0
DA:75,0
DA:81,0
DA:81,0
DA:81,0
DA:82,0
DA:82,0
DA:83,0
DA:83,0
DA:84,0
DA:84,0
DA:85,0
DA:85,0
DA:86,0
DA:86,0
DA:87,0
DA:87,0
DA:88,0
DA:88,0
DA:89,0
DA:89,0
DA:90,0
DA:90,0
DA:92,0
DA:92,0
DA:92,0
DA:94,0
DA:94,0
BRDA:94,1,0,-
BRDA:94,1,1,-
DA:95,0
DA:95,0
DA:101,0
DA:101,0
DA:103,0
DA:103,0
DA:105,0
DA:105,0
FN:108,VerifyAll.nextTransaction
FNDA:0,VerifyAll.nextTransaction
DA:113,0
DA:113,0
FN:120,VerifyAll._getCompiledBytecode
FNDA:0,VerifyAll._getCompiledBytecode
DA:125,0
DA:125,0
DA:125,0
DA:126,0
DA:126,0
DA:126,0
DA:129,0
DA:129,0
FN:132,VerifyAll.getTransactionFromRaw
FNDA:0,VerifyAll.getTransactionFromRaw
DA:136,0
DA:136,0
FN:139,VerifyAll.searchStr
FNDA:0,VerifyAll.searchStr
DA:143,0
DA:143,0
DA:144,0
DA:144,0
FNF:7
FNH:0
LF:37
LH:0
BRF:4
BRH:0
end_of_record
