TN:
SF:contracts/TokenActions/DepositAmm.sol
FN:20,DepositAmm.doSomething
FNDA:0,DepositAmm.doSomething
FNF:1
FNH:0
LF:0
LH:0
BRF:0
BRH:0
end_of_record
TN:
SF:contracts/TokenController.sol
FN:99,TokenController.setTradingFees
FNDA:3,TokenController.setTradingFees
DA:100,3
DA:100,3
BRDA:100,0,0,2
BRDA:100,0,1,1
DA:101,1
DA:101,1
DA:102,1
DA:102,1
FN:106,TokenController.setTreasury
FNDA:2,TokenController.setTreasury
DA:107,2
DA:107,2
BRDA:107,1,0,1
BRDA:107,1,1,1
DA:108,1
DA:108,1
FN:112,TokenController.setSlope
FNDA:2,TokenController.setSlope
DA:113,2
DA:113,2
BRDA:113,2,0,1
BRDA:113,2,1,1
DA:114,1
DA:114,1
FN:118,TokenController.setMcapToAmm
FNDA:3,TokenController.setMcapToAmm
DA:119,3
DA:119,3
BRDA:119,3,0,2
BRDA:119,3,1,1
DA:120,1
DA:120,1
FN:124,TokenController.setLotteryThreshold
FNDA:0,TokenController.setLotteryThreshold
DA:125,0
DA:125,0
BRDA:125,4,0,-
BRDA:125,4,1,-
DA:126,0
DA:126,0
DA:127,0
DA:127,0
FN:131,TokenController.setLotteryRunning
FNDA:1,TokenController.setLotteryRunning
DA:132,1
DA:132,1
FN:138,TokenController.getTokensLength
FNDA:2,TokenController.getTokensLength
DA:138,2
DA:138,2
FN:141,TokenController.getLastTokens
FNDA:1,TokenController.getLastTokens
DA:142,1
DA:142,1
DA:143,1
DA:143,1
DA:144,1
DA:144,1
BRDA:144,5,0,-
BRDA:144,5,1,1
DA:144,0
DA:145,1
DA:145,1
DA:146,1
DA:146,1
DA:146,2
DA:146,1
DA:146,1
FN:150,TokenController.getMcap
FNDA:8,TokenController.getMcap
DA:151,13
DA:151,13
DA:152,13
DA:152,13
BRDA:152,6,0,13
BRDA:152,6,1,13
DA:152,13
FN:157,TokenController.getPrice
FNDA:15,TokenController.getPrice
DA:158,581
DA:158,581
DA:158,581
DA:159,581
DA:159,581
FN:164,TokenController.getLotterySettings
FNDA:1,TokenController.getLotterySettings
DA:165,1
DA:165,1
DA:166,1
DA:166,1
DA:167,1
DA:167,1
DA:168,1
DA:168,1
FN:172,TokenController.getUserLotteryPayout
FNDA:1,TokenController.getUserLotteryPayout
DA:173,1
DA:173,1
FN:177,TokenController.getTokenHourlyVolume
FNDA:2,TokenController.getTokenHourlyVolume
DA:178,2
DA:178,2
FN:185,TokenController.createToken
FNDA:18,TokenController.createToken
DA:186,18
DA:186,18
BRDA:186,7,0,1
BRDA:186,7,1,17
DA:187,17
DA:187,17
DA:188,17
DA:188,17
DA:189,17
DA:189,17
DA:190,17
DA:190,17
DA:191,17
DA:191,17
DA:193,17
DA:193,17
BRDA:193,8,0,2
BRDA:193,8,1,17
DA:193,2
FN:197,TokenController.getBuyAmount
FNDA:261,TokenController.getBuyAmount
DA:198,1130
DA:198,1130
DA:201,1130
DA:201,1130
FN:206,TokenController.buy
FNDA:287,TokenController.buy
DA:207,289
DA:207,289
BRDA:207,9,0,1
BRDA:207,9,1,288
DA:209,288
DA:209,288
DA:210,288
DA:210,288
DA:211,288
DA:211,288
DA:212,288
DA:212,288
BRDA:212,10,0,272
BRDA:212,10,1,288
DA:212,272
DA:213,288
DA:213,288
DA:213,288
DA:213,288
DA:214,288
DA:214,288
DA:214,288
DA:214,288
DA:215,288
DA:215,288
DA:215,288
DA:216,288
DA:216,288
BRDA:216,11,0,-
BRDA:216,11,1,288
DA:217,288
DA:217,288
DA:219,288
DA:219,288
DA:220,288
DA:220,288
BRDA:220,12,0,1
BRDA:220,12,1,287
DA:221,287
DA:221,287
BRDA:221,13,0,-
BRDA:221,13,1,287
DA:225,287
DA:225,287
DA:226,287
DA:226,287
DA:228,287
DA:228,287
DA:229,287
DA:229,287
DA:230,287
DA:230,287
FN:235,TokenController.getAmountSale
FNDA:1,TokenController.getAmountSale
DA:236,2
DA:236,2
DA:240,2
DA:240,2
FN:245,TokenController.sell
FNDA:2,TokenController.sell
DA:246,2
DA:246,2
BRDA:246,14,0,-
BRDA:246,14,1,2
DA:248,2
DA:248,2
DA:249,2
DA:249,2
DA:250,2
DA:250,2
BRDA:250,15,0,-
BRDA:250,15,1,2
DA:250,0
DA:251,2
DA:251,2
DA:252,1
DA:252,1
DA:252,1
DA:253,1
DA:253,1
DA:254,1
DA:254,1
DA:255,1
DA:255,1
DA:257,1
DA:257,1
DA:257,1
DA:257,1
DA:258,1
DA:258,1
DA:258,1
DA:258,1
DA:259,1
DA:259,1
DA:260,1
DA:260,1
DA:261,1
DA:261,1
DA:261,1
DA:262,1
DA:262,1
BRDA:262,16,0,-
BRDA:262,16,1,1
DA:263,1
DA:263,1
DA:264,1
DA:264,1
BRDA:264,17,0,-
BRDA:264,17,1,1
DA:266,1
DA:266,1
DA:267,1
DA:267,1
FN:280,TokenController.buyTicket
FNDA:6,TokenController.buyTicket
DA:281,6
DA:281,6
BRDA:281,18,0,-
BRDA:281,18,1,6
DA:282,6
DA:282,6
BRDA:282,19,0,1
BRDA:282,19,1,5
DA:283,5
DA:283,5
BRDA:283,20,0,2
BRDA:283,20,1,3
DA:284,3
DA:284,3
DA:284,3
DA:284,3
DA:285,3
DA:285,3
DA:286,3
DA:286,3
DA:289,3
DA:289,3
DA:289,3
DA:290,3
DA:290,3
DA:292,3
DA:292,3
BRDA:292,21,0,3
BRDA:292,21,1,3
DA:293,3
DA:293,3
DA:294,3
DA:294,3
DA:295,3
DA:295,3
DA:298,3
DA:298,3
DA:301,3
DA:301,3
BRDA:301,22,0,-
BRDA:301,22,1,3
DA:307,3
DA:307,3
DA:308,3
DA:308,3
DA:309,3
DA:309,3
DA:310,3
DA:310,3
DA:310,3
DA:310,3
DA:311,3
DA:311,3
DA:311,3
DA:312,3
DA:312,3
BRDA:312,23,0,-
BRDA:312,23,1,3
DA:313,3
DA:313,3
DA:314,3
DA:314,3
FN:320,TokenController.claim
FNDA:2,TokenController.claim
DA:321,2
DA:321,2
DA:321,2
DA:321,2
DA:322,2
DA:322,2
DA:323,2
DA:323,2
DA:324,2
DA:324,2
DA:326,2
DA:326,2
BRDA:326,24,0,-
BRDA:326,24,1,1
DA:327,2
DA:327,2
DA:328,2
DA:328,2
BRDA:328,25,0,-
BRDA:328,25,1,1
DA:329,1
DA:329,1
DA:330,1
DA:330,1
DA:331,1
DA:331,1
DA:332,1
DA:332,1
DA:334,1
DA:334,1
FN:340,TokenController._depositLotteryJackpot
FNDA:1360,TokenController._depositLotteryJackpot
DA:341,1360
DA:341,1360
FN:343,TokenController.depositLotteryJackpot
FNDA:263,TokenController.depositLotteryJackpot
DA:344,263
DA:344,263
FN:351,TokenController.splitJackpot
FNDA:4,TokenController.splitJackpot
DA:352,299
DA:352,299
BRDA:352,26,0,1
BRDA:352,26,1,298
DA:353,298
DA:353,298
DA:353,298
DA:353,296
BRDA:353,27,0,3
BRDA:353,27,1,3
DA:354,3
DA:354,3
DA:355,3
DA:355,3
DA:356,3
DA:356,3
DA:357,3
DA:357,3
DA:360,3
DA:360,3
DA:360,18
DA:360,15
DA:361,15
DA:361,15
DA:363,3
DA:363,3
BRDA:363,28,0,3
BRDA:363,28,1,3
DA:363,3
DA:364,3
DA:364,3
FN:371,TokenController._updateTop5
FNDA:12,TokenController._updateTop5
DA:372,12
DA:372,12
DA:373,12
DA:373,12
DA:374,12
DA:374,12
DA:375,12
DA:375,12
DA:375,12
DA:375,12
DA:376,12
DA:376,12
DA:377,12
DA:377,12
DA:377,68
DA:377,56
DA:378,58
DA:378,58
DA:378,58
BRDA:378,29,0,56
BRDA:378,29,1,12
DA:378,58
DA:379,56
DA:379,56
DA:380,56
DA:380,56
DA:380,56
DA:381,56
DA:381,56
DA:381,56
DA:381,36
BRDA:381,30,0,-
BRDA:381,30,1,22
DA:382,22
DA:382,22
DA:383,22
DA:383,22
DA:384,22
DA:384,22
DA:385,22
DA:385,22
DA:388,34
DA:388,34
FN:396,TokenController._incTokenHourlyVolume
FNDA:289,TokenController._incTokenHourlyVolume
DA:397,289
DA:397,289
DA:398,289
DA:398,289
DA:400,289
DA:400,289
BRDA:400,31,0,289
BRDA:400,31,1,289
DA:401,289
DA:401,289
FN:408,TokenController.distributeHourlyJackpot
FNDA:2,TokenController.distributeHourlyJackpot
DA:409,292
DA:409,292
BRDA:409,32,0,1
BRDA:409,32,1,291
DA:410,291
DA:410,291
BRDA:410,33,0,274
BRDA:410,33,1,291
DA:411,274
DA:411,274
DA:412,274
DA:412,274
DA:413,274
DA:413,274
DA:414,274
DA:414,274
FN:422,TokenController._setDailyClose
FNDA:563,TokenController._setDailyClose
DA:423,563
DA:423,563
DA:423,563
DA:424,563
DA:424,563
FN:428,TokenController.today
FNDA:274,TokenController.today
DA:429,3680
DA:429,3680
DA:429,3680
FN:433,TokenController.hhour
FNDA:2,TokenController.hhour
DA:434,3358
DA:434,3358
DA:434,3358
FN:438,TokenController._distributeRewards
FNDA:289,TokenController._distributeRewards
DA:439,289
DA:439,289
DA:439,289
DA:439,289
DA:439,4
BRDA:439,34,0,4
BRDA:439,34,1,289
DA:440,4
DA:440,4
DA:441,4
DA:441,4
FN:446,TokenController._depositJackpots
FNDA:809,TokenController._depositJackpots
DA:447,809
DA:447,809
DA:447,809
DA:448,809
BRDA:448,35,0,547
BRDA:448,35,1,809
DA:449,547
DA:449,547
DA:450,547
DA:450,547
DA:451,547
DA:451,547
DA:453,809
DA:453,809
FNF:31
FNH:30
LF:161
LH:158
BRF:72
BRH:57
end_of_record
TN:
SF:node_modules/@openzeppelin/contracts/access/Ownable.sol
FN:43,Ownable.owner
FNDA:0,Ownable.owner
DA:44,11
DA:44,11
FN:50,Ownable._checkOwner
FNDA:11,Ownable._checkOwner
DA:51,11
DA:51,11
BRDA:51,0,0,-
BRDA:51,0,1,11
FN:61,Ownable.renounceOwnership
FNDA:0,Ownable.renounceOwnership
DA:62,0
DA:62,0
FN:69,Ownable.transferOwnership
FNDA:0,Ownable.transferOwnership
DA:70,0
DA:70,0
BRDA:70,1,0,-
BRDA:70,1,1,-
DA:71,0
DA:71,0
FN:78,Ownable._transferOwnership
FNDA:0,Ownable._transferOwnership
DA:79,0
DA:79,0
DA:80,0
DA:80,0
DA:81,0
DA:81,0
FNF:5
FNH:1
LF:8
LH:2
BRF:4
BRH:1
end_of_record
TN:
SF:node_modules/@openzeppelin/contracts/token/ERC20/ERC20.sol
FN:62,ERC20.name
FNDA:1,ERC20.name
DA:63,1
DA:63,1
FN:70,ERC20.symbol
FNDA:1,ERC20.symbol
DA:71,1
DA:71,1
FN:87,ERC20.decimals
FNDA:0,ERC20.decimals
DA:88,0
DA:88,0
FN:94,ERC20.totalSupply
FNDA:0,ERC20.totalSupply
DA:95,0
DA:95,0
FN:101,ERC20.balanceOf
FNDA:5,ERC20.balanceOf
DA:102,5
DA:102,5
FN:113,ERC20.transfer
FNDA:288,ERC20.transfer
DA:114,288
DA:114,288
DA:114,288
DA:115,288
DA:115,288
DA:116,288
DA:116,288
FN:122,ERC20.allowance
FNDA:0,ERC20.allowance
DA:123,2
DA:123,2
FN:136,ERC20.approve
FNDA:1,ERC20.approve
DA:137,1
DA:137,1
DA:137,1
DA:138,1
DA:138,1
DA:139,1
DA:139,1
FN:158,ERC20.transferFrom
FNDA:2,ERC20.transferFrom
DA:159,2
DA:159,2
DA:159,2
DA:160,2
DA:160,2
DA:161,1
DA:161,1
DA:162,1
DA:162,1
FN:177,ERC20.increaseAllowance
FNDA:0,ERC20.increaseAllowance
DA:178,0
DA:178,0
DA:178,0
DA:179,0
DA:179,0
DA:180,0
DA:180,0
FN:197,ERC20.decreaseAllowance
FNDA:0,ERC20.decreaseAllowance
DA:198,0
DA:198,0
DA:198,0
DA:199,0
DA:199,0
DA:199,0
DA:200,0
DA:200,0
BRDA:200,0,0,-
BRDA:200,0,1,-
DA:202,0
DA:202,0
DA:205,0
DA:205,0
FN:222,ERC20._transfer
FNDA:289,ERC20._transfer
DA:223,289
DA:223,289
BRDA:223,1,0,-
BRDA:223,1,1,289
DA:224,289
DA:224,289
BRDA:224,2,0,-
BRDA:224,2,1,289
DA:226,289
DA:226,289
DA:228,289
DA:228,289
DA:229,289
DA:229,289
BRDA:229,3,0,-
BRDA:229,3,1,289
DA:231,289
DA:231,289
DA:234,289
DA:234,289
DA:237,289
DA:237,289
DA:239,289
DA:239,289
FN:251,ERC20._mint
FNDA:0,ERC20._mint
DA:252,0
DA:252,0
BRDA:252,4,0,-
BRDA:252,4,1,-
DA:254,0
DA:254,0
DA:256,0
DA:256,0
DA:259,0
DA:259,0
DA:261,0
DA:261,0
DA:263,0
DA:263,0
FN:277,ERC20._burn
FNDA:0,ERC20._burn
DA:278,0
DA:278,0
BRDA:278,5,0,-
BRDA:278,5,1,-
DA:280,0
DA:280,0
DA:282,0
DA:282,0
DA:283,0
DA:283,0
BRDA:283,6,0,-
BRDA:283,6,1,-
DA:285,0
DA:285,0
DA:287,0
DA:287,0
DA:290,0
DA:290,0
DA:292,0
DA:292,0
FN:308,ERC20._approve
FNDA:1,ERC20._approve
DA:309,1
DA:309,1
BRDA:309,7,0,-
BRDA:309,7,1,1
DA:310,1
DA:310,1
BRDA:310,8,0,-
BRDA:310,8,1,1
DA:312,1
DA:312,1
DA:313,1
DA:313,1
FN:324,ERC20._spendAllowance
FNDA:2,ERC20._spendAllowance
DA:325,2
DA:325,2
DA:325,2
DA:326,2
DA:326,2
BRDA:326,9,0,1
BRDA:326,9,1,-
DA:327,1
DA:327,1
BRDA:327,10,0,1
BRDA:327,10,1,-
DA:329,0
DA:329,0
FN:348,ERC20._beforeTokenTransfer
FNDA:289,ERC20._beforeTokenTransfer
FN:364,ERC20._afterTokenTransfer
FNDA:289,ERC20._afterTokenTransfer
FNF:18
FNH:11
LF:55
LH:30
BRF:22
BRH:7
end_of_record
TN:
SF:node_modules/@openzeppelin/contracts/utils/Context.sol
FN:17,Context._msgSender
FNDA:302,Context._msgSender
DA:18,302
DA:18,302
FN:21,Context._msgData
FNDA:0,Context._msgData
DA:22,0
DA:22,0
FN:25,Context._contextSuffixLength
FNDA:0,Context._contextSuffixLength
DA:26,0
DA:26,0
FNF:3
FNH:1
LF:3
LH:1
BRF:0
BRH:0
end_of_record
TN:
SF:script/DeployHelpers.s.sol
FN:19,ScaffoldETHDeploy.setupLocalhostEnv
FNDA:0,ScaffoldETHDeploy.setupLocalhostEnv
DA:23,0
DA:23,0
BRDA:23,0,0,-
BRDA:23,0,1,-
DA:24,0
DA:24,0
DA:25,0
DA:25,0
DA:26,0
DA:26,0
DA:26,0
DA:27,0
DA:27,0
DA:27,0
DA:28,0
DA:28,0
DA:28,0
DA:29,0
DA:29,0
DA:29,0
DA:31,0
DA:31,0
DA:31,0
FN:35,ScaffoldETHDeploy.exportDeployments
FNDA:0,ScaffoldETHDeploy.exportDeployments
DA:37,0
DA:37,0
DA:38,0
DA:38,0
DA:39,0
DA:39,0
DA:39,0
DA:40,0
DA:40,0
DA:42,0
DA:42,0
DA:44,0
DA:44,0
DA:46,0
DA:46,0
DA:46,0
DA:46,0
DA:47,0
DA:47,0
DA:52,0
DA:52,0
DA:54,0
DA:54,0
DA:59,0
DA:59,0
DA:60,0
DA:60,0
FN:63,ScaffoldETHDeploy.getChain
FNDA:0,ScaffoldETHDeploy.getChain
DA:64,0
DA:64,0
DA:64,0
FN:67,ScaffoldETHDeploy.findChainName
FNDA:0,ScaffoldETHDeploy.findChainName
DA:68,0
DA:68,0
DA:69,0
DA:69,0
DA:69,0
DA:70,0
DA:70,0
DA:70,0
DA:70,0
DA:71,0
DA:71,0
DA:79,0
DA:79,0
FNF:4
FNH:0
LF:26
LH:0
BRF:2
BRH:0
end_of_record
TN:
SF:script/VerifyAll.s.sol
FN:26,VerifyAll.run
FNDA:0,VerifyAll.run
DA:27,0
DA:27,0
DA:27,0
DA:28,0
DA:28,0
DA:28,0
DA:34,0
DA:34,0
DA:34,0
DA:36,0
DA:36,0
DA:37,0
DA:37,0
DA:38,0
DA:38,0
FN:42,VerifyAll._verifyIfContractDeployment
FNDA:0,VerifyAll._verifyIfContractDeployment
DA:43,0
DA:43,0
DA:43,0
DA:49,0
DA:49,0
DA:49,0
DA:49,0
BRDA:49,0,0,-
BRDA:49,0,1,-
DA:50,0
DA:50,0
FN:54,VerifyAll._verifyContract
FNDA:0,VerifyAll._verifyContract
DA:55,0
DA:55,0
DA:55,0
DA:59,0
DA:59,0
DA:59,0
DA:65,0
DA:65,0
DA:65,0
DA:71,0
DA:71,0
DA:71,0
DA:75,0
DA:75,0
DA:75,0
DA:81,0
DA:81,0
DA:81,0
DA:82,0
DA:82,0
DA:83,0
DA:83,0
DA:84,0
DA:84,0
DA:85,0
DA:85,0
DA:86,0
DA:86,0
DA:87,0
DA:87,0
DA:88,0
DA:88,0
DA:89,0
DA:89,0
DA:90,0
DA:90,0
DA:92,0
DA:92,0
DA:92,0
DA:94,0
DA:94,0
BRDA:94,1,0,-
BRDA:94,1,1,-
DA:95,0
DA:95,0
DA:101,0
DA:101,0
DA:103,0
DA:103,0
DA:105,0
DA:105,0
FN:108,VerifyAll.nextTransaction
FNDA:0,VerifyAll.nextTransaction
DA:113,0
DA:113,0
FN:120,VerifyAll._getCompiledBytecode
FNDA:0,VerifyAll._getCompiledBytecode
DA:125,0
DA:125,0
DA:125,0
DA:126,0
DA:126,0
DA:126,0
DA:129,0
DA:129,0
FN:132,VerifyAll.getTransactionFromRaw
FNDA:0,VerifyAll.getTransactionFromRaw
DA:136,0
DA:136,0
FN:139,VerifyAll.searchStr
FNDA:0,VerifyAll.searchStr
DA:143,0
DA:143,0
DA:144,0
DA:144,0
FNF:7
FNH:0
LF:37
LH:0
BRF:4
BRH:0
end_of_record